<?xml version="1.0" encoding="UTF-8"?>
<!-- Generated by org.testng.reporters.JUnitReportReporter -->
<testsuite skipped="0" hostname="DESKTOP-02HSVOL" name="com.wuchengxu.test.testdome.BaseClassTest" tests="1" failures="0" timestamp="08 八月 2019 04:36:00 GMT" time="13.035" errors="0">
  <testcase name="oriver" time="13.035" classname="com.wuchengxu.test.testdome.BaseClassTest"/>
</testsuite> <!-- com.wuchengxu.test.testdome.BaseClassTest -->
