<?xml version="1.0" encoding="UTF-8"?>
<!-- Generated by org.testng.reporters.JUnitReportReporter -->
<testsuite skipped="0" hostname="DESKTOP-02HSVOL" name="com.wuchengxu.test.testdome.NewTest" tests="1" failures="0" timestamp="07 八月 2019 06:06:44 GMT" time="0.019" errors="0">
  <testcase name="f" time="0.019" classname="com.wuchengxu.test.testdome.NewTest"/>
</testsuite> <!-- com.wuchengxu.test.testdome.NewTest -->
